build/app/intermediates/manifest_merge_blame_file/release/manifest-merger-blame-release-report.txt
1<?xml version="1.0" encoding="utf-8"?>
2<manifest xmlns:android="http://schemas.android.com/apk/res/android"
3    package="co.appbrewery.bmicalculator"
4    android:versionCode="1"
5    android:versionName="1.0.0" >
6
7    <uses-sdk
8        android:minSdkVersion="16"
8-->src/main/AndroidManifest.xml
9        android:targetSdkVersion="29" />
9-->src/main/AndroidManifest.xml
10
11    <!--
12         The INTERNET permission is required for development. Specifically,
13         flutter needs it to communicate with the running application
14         to allow setting breakpoints, to provide hot reload, etc.
15    -->
16    <uses-permission android:name="android.permission.INTERNET" />
16-->src/main/AndroidManifest.xml:8:5-66
16-->src/main/AndroidManifest.xml:8:22-64
17
18    <meta-data
18-->src/main/AndroidManifest.xml:40:5-42:29
19        android:name="flutterEmbedding"
19-->src/main/AndroidManifest.xml:41:9-40
20        android:value="2" />
20-->src/main/AndroidManifest.xml:42:9-26
21    <!--
22     io.flutter.app.FlutterApplication is an android.app.Application that
23         calls FlutterMain.startInitialization(this); in its onCreate method.
24         In most cases you can leave this as-is, but you if you want to provide
25         additional functionality it is fine to subclass or reimplement
26         FlutterApplication and put your custom class here.
27    -->
28    <application
28-->src/main/AndroidManifest.xml:15:5-39:19
29        android:appComponentFactory="androidx.core.app.CoreComponentFactory"
29-->[androidx.core:core:1.6.0] AndroidManifest.xml:24:18-86
30        android:icon="@mipmap/ic_launcher"
30-->src/main/AndroidManifest.xml:18:9-43
31        android:label="bmi_calculator" >
31-->src/main/AndroidManifest.xml:17:9-39
32        <activity
32-->src/main/AndroidManifest.xml:19:9-38:20
33            android:name="co.appbrewery.bmicalculator.MainActivity"
33-->src/main/AndroidManifest.xml:20:13-41
34            android:configChanges="orientation|keyboardHidden|keyboard|screenSize|locale|layoutDirection|fontScale|screenLayout|density"
34-->src/main/AndroidManifest.xml:23:13-137
35            android:hardwareAccelerated="true"
35-->src/main/AndroidManifest.xml:24:13-47
36            android:launchMode="singleTop"
36-->src/main/AndroidManifest.xml:21:13-43
37            android:theme="@style/LaunchTheme"
37-->src/main/AndroidManifest.xml:22:13-47
38            android:windowSoftInputMode="adjustResize" >
38-->src/main/AndroidManifest.xml:25:13-55
39
40            <!--
41                 This keeps the window background of the activity showing
42                 until Flutter renders its first frame. It can be removed if
43                 there is no splash screen (such as the default splash screen
44                 defined in @style/LaunchTheme).
45            -->
46            <meta-data
46-->src/main/AndroidManifest.xml:30:13-32:66
47                android:name="io.flutter.embedding.android.SplashScreenDrawable"
47-->src/main/AndroidManifest.xml:31:17-81
48                android:resource="@drawable/launch_background" />
48-->src/main/AndroidManifest.xml:32:17-63
49
50            <intent-filter>
50-->src/main/AndroidManifest.xml:34:13-37:29
51                <action android:name="android.intent.action.MAIN" />
51-->src/main/AndroidManifest.xml:35:17-68
51-->src/main/AndroidManifest.xml:35:25-66
52
53                <category android:name="android.intent.category.LAUNCHER" />
53-->src/main/AndroidManifest.xml:36:17-76
53-->src/main/AndroidManifest.xml:36:27-74
54            </intent-filter>
55        </activity>
56
57        <uses-library
57-->[androidx.window:window:1.0.0-beta04] AndroidManifest.xml:25:9-27:40
58            android:name="androidx.window.extensions"
58-->[androidx.window:window:1.0.0-beta04] AndroidManifest.xml:26:13-54
59            android:required="false" />
59-->[androidx.window:window:1.0.0-beta04] AndroidManifest.xml:27:13-37
60        <uses-library
60-->[androidx.window:window:1.0.0-beta04] AndroidManifest.xml:28:9-30:40
61            android:name="androidx.window.sidecar"
61-->[androidx.window:window:1.0.0-beta04] AndroidManifest.xml:29:13-51
62            android:required="false" />
62-->[androidx.window:window:1.0.0-beta04] AndroidManifest.xml:30:13-37
63    </application>
64
65</manifest>